<?xml version="1.0" encoding="UTF-8"?>
<!-- Generated by org.testng.reporters.JUnitReportReporter -->
<testsuite hostname="DESKTOP-8KS8MS4" failures="0" tests="2" name="Testngsample" time="0.017" errors="0" timestamp="2020-09-20T13:02:05 EDT" skipped="0">
  <testcase classname="Testngsample" name="Registration" time="0.014"/>
  <system-out/>
  <testcase classname="Testngsample" name="Login" time="0.003"/>
  <system-out/>
</testsuite> <!-- Testngsample -->
